{
  "RSpec": {
    "coverage": {
      "/home/raulino/CarpetaDePruebas/GitPruebas/Entrega/entrega1_correccion/entrega1/spec/bcrypt_spec.rb": [
        1,
        null,
        1,
        null,
        5,
        null,
        1,
        null,
        1,
        null,
        1,
        1,
        1,
        1,
        null,
        1,
        1,
        1,
        1,
        null,
        1,
        1,
        1,
        1,
        null,
        null,
        1,
        null,
        1,
        1,
        1,
        1,
        null,
        1,
        1,
        1,
        1,
        null,
        null,
        null,
        null,
        1,
        null,
        1,
        null,
        1,
        1,
        1,
        1,
        null,
        1,
        1,
        1,
        1,
        null,
        1,
        1,
        1,
        1,
        null,
        null,
        1,
        1,
        1,
        1,
        1,
        null,
        1,
        1,
        1,
        1,
        null,
        null,
        null
      ],
      "/home/raulino/CarpetaDePruebas/GitPruebas/Entrega/entrega1_correccion/entrega1/Clases/bcrypt.rb": [
        1,
        1,
        1,
        1,
        null,
        1,
        null,
        1,
        20,
        20,
        null,
        null,
        1,
        15,
        null,
        null,
        1,
        0,
        null,
        null,
        1,
        null,
        null,
        null,
        8,
        null,
        null
      ],
      "/home/raulino/CarpetaDePruebas/GitPruebas/Entrega/entrega1_correccion/entrega1/Clases/codificadores.rb": [
        1,
        null,
        1,
        0,
        null,
        null,
        1,
        0,
        null,
        null,
        1,
        0,
        null,
        null,
        1,
        0,
        null,
        null,
        1,
        6,
        null,
        null,
        1,
        3,
        null,
        null,
        1,
        3,
        null,
        null,
        null,
        1,
        12,
        21,
        null,
        12,
        null,
        null,
        null
      ],
      "/home/raulino/CarpetaDePruebas/GitPruebas/Entrega/entrega1_correccion/entrega1/Clases/texto_plano.rb": [
        1,
        1,
        1,
        null,
        1,
        null,
        1,
        39,
        null,
        null,
        1,
        11,
        null,
        null,
        1,
        1,
        null,
        null,
        1,
        6,
        null,
        null
      ],
      "/home/raulino/CarpetaDePruebas/GitPruebas/Entrega/entrega1_correccion/entrega1/Clases/caesar_cipher.rb": [
        1,
        1,
        1,
        1,
        null,
        1,
        null,
        null,
        null,
        1,
        30,
        null,
        null,
        1,
        59,
        59,
        null,
        null,
        1,
        20,
        null,
        null,
        1,
        1,
        null,
        null,
        1,
        16,
        16,
        null,
        null
      ],
      "/home/raulino/CarpetaDePruebas/GitPruebas/Entrega/entrega1_correccion/entrega1/spec/caesar_cipher_spec.rb": [
        1,
        null,
        1,
        null,
        5,
        null,
        1,
        null,
        1,
        null,
        1,
        1,
        null,
        1,
        1,
        null,
        1,
        1,
        null,
        null,
        1,
        null,
        1,
        1,
        null,
        1,
        1,
        null,
        null,
        null,
        null,
        1,
        null,
        1,
        null,
        1,
        1,
        1,
        null,
        1,
        1,
        1,
        null,
        1,
        1,
        1,
        null,
        null,
        1,
        null,
        1,
        1,
        1,
        null,
        1,
        1,
        1,
        null,
        null,
        null
      ],
      "/home/raulino/CarpetaDePruebas/GitPruebas/Entrega/entrega1_correccion/entrega1/spec/codificadores_spec.rb": [
        1,
        1,
        1,
        1,
        1,
        1,
        null,
        1,
        null,
        2,
        2,
        2,
        null,
        1,
        0,
        0,
        0,
        0,
        0,
        null,
        1,
        3,
        3,
        3,
        3,
        3,
        null,
        null,
        1,
        1,
        1,
        null,
        1,
        null,
        1,
        1,
        null,
        null,
        1,
        1,
        1,
        null,
        1,
        1,
        1,
        null,
        null,
        null,
        null,
        null
      ],
      "/home/raulino/CarpetaDePruebas/GitPruebas/Entrega/entrega1_correccion/entrega1/Clases/lista_de_usuarios.rb": [
        1,
        1,
        1,
        1,
        1,
        null,
        1,
        null,
        null,
        1,
        null,
        1,
        16,
        16,
        null,
        null,
        1,
        18,
        18,
        18,
        18,
        18,
        null,
        0,
        null,
        null,
        null,
        1,
        20,
        20,
        null,
        26,
        null,
        20,
        null,
        null,
        1,
        20,
        5,
        null,
        20,
        null,
        null,
        1,
        0,
        0,
        null,
        0,
        null,
        null,
        1,
        0,
        0,
        0,
        0,
        0,
        null,
        null,
        0,
        null,
        1,
        4,
        null,
        null,
        1,
        4,
        null,
        null,
        1,
        3,
        null,
        null
      ],
      "/home/raulino/CarpetaDePruebas/GitPruebas/Entrega/entrega1_correccion/entrega1/Clases/usuario.rb": [
        1,
        null,
        1,
        null,
        null,
        1,
        40,
        40,
        null,
        null,
        1,
        31,
        null,
        null,
        1,
        null,
        35,
        null,
        null,
        1,
        30,
        null,
        null,
        1,
        0,
        0,
        null,
        null
      ],
      "/home/raulino/CarpetaDePruebas/GitPruebas/Entrega/entrega1_correccion/entrega1/spec/controlador_spec.rb": [
        1,
        1,
        null,
        1,
        null,
        1,
        null,
        8,
        null,
        null,
        1,
        1,
        null,
        1,
        null,
        null,
        null,
        1,
        null,
        1,
        null,
        1,
        null,
        null,
        1,
        1,
        1,
        null,
        null,
        1,
        null,
        1,
        null,
        null,
        null,
        1,
        null,
        1,
        null,
        1,
        null,
        null,
        1,
        1,
        null,
        null,
        null,
        null,
        null,
        1,
        null,
        1,
        null,
        1,
        1,
        1,
        1,
        1,
        1,
        1,
        null,
        1,
        1,
        1,
        1,
        1,
        1,
        1,
        1,
        1,
        1,
        1,
        null,
        null,
        1,
        1,
        1,
        1,
        null,
        null,
        null
      ],
      "/home/raulino/CarpetaDePruebas/GitPruebas/Entrega/entrega1_correccion/entrega1/Clases/controlador.rb": [
        1,
        null,
        1,
        null,
        null,
        null,
        null,
        1,
        null,
        8,
        null,
        8,
        null,
        null,
        1,
        14,
        null,
        1,
        0,
        null,
        null,
        1,
        12,
        null,
        null,
        1,
        0,
        null,
        1,
        0,
        null,
        1,
        3,
        null,
        1,
        3,
        null,
        1,
        2,
        null,
        null
      ],
      "/home/raulino/CarpetaDePruebas/GitPruebas/Entrega/entrega1_correccion/entrega1/spec/lista_de_usuario_spec.rb": [
        1,
        1,
        1,
        1,
        null,
        1,
        null,
        9,
        null,
        1,
        null,
        1,
        null,
        1,
        null,
        1,
        null,
        null,
        null,
        1,
        null,
        1,
        1,
        1,
        1,
        null,
        null,
        1,
        1,
        1,
        null,
        null,
        null,
        1,
        null,
        1,
        1,
        1,
        null,
        null,
        1,
        1,
        1,
        null,
        null,
        null,
        1,
        null,
        1,
        1,
        1,
        1,
        null,
        null,
        null,
        1,
        null,
        1,
        1,
        1,
        1,
        null,
        null,
        null,
        1,
        null,
        1,
        1,
        1,
        1,
        null,
        null,
        null
      ],
      "/home/raulino/CarpetaDePruebas/GitPruebas/Entrega/entrega1_correccion/entrega1/spec/texto_plano_spec.rb": [
        1,
        null,
        1,
        null,
        5,
        null,
        1,
        null,
        1,
        null,
        1,
        1,
        null,
        1,
        1,
        null,
        1,
        1,
        null,
        null,
        1,
        null,
        1,
        1,
        null,
        1,
        1,
        null,
        null,
        null,
        null,
        1,
        null,
        1,
        null,
        1,
        1,
        1,
        null,
        1,
        1,
        1,
        null,
        1,
        1,
        1,
        null,
        null,
        1,
        null,
        1,
        1,
        1,
        null,
        1,
        1,
        1,
        null,
        null,
        null
      ],
      "/home/raulino/CarpetaDePruebas/GitPruebas/Entrega/entrega1_correccion/entrega1/spec/usuario_spec.rb": [
        1,
        1,
        1,
        1,
        null,
        1,
        null,
        null,
        1,
        null,
        1,
        1,
        1,
        1,
        null,
        null,
        1,
        1,
        1,
        1,
        null,
        null,
        null,
        1,
        null,
        1,
        1,
        1,
        null,
        null,
        1,
        1,
        null,
        null,
        null,
        1,
        1,
        null,
        1,
        1,
        null,
        null,
        1,
        1,
        null,
        null,
        null,
        null,
        1,
        null,
        null,
        null,
        1,
        null,
        1,
        1,
        1,
        1,
        1,
        1,
        null,
        1,
        null,
        1,
        1,
        null,
        1,
        1,
        1,
        null,
        1,
        null,
        1,
        null,
        1,
        null,
        1,
        1,
        null,
        1,
        1,
        1,
        null,
        1,
        null,
        1,
        null,
        null,
        null,
        null,
        1,
        null,
        1,
        1,
        null,
        1,
        1,
        1,
        null,
        1,
        1,
        1,
        null,
        null,
        1,
        null,
        1,
        1,
        null,
        1,
        1,
        1,
        null,
        1,
        1,
        1,
        null,
        null,
        1,
        null,
        1,
        1,
        null,
        1,
        1,
        1,
        null,
        1,
        1,
        1,
        null,
        null,
        null,
        null,
        1,
        null,
        1,
        1,
        null,
        1,
        1,
        1,
        null,
        1,
        1,
        1,
        null,
        1,
        null,
        1,
        1,
        null,
        1,
        1,
        1,
        null,
        1,
        1,
        1,
        null,
        1,
        null,
        1,
        1,
        null,
        1,
        1,
        1,
        null,
        1,
        1,
        1,
        null,
        null,
        null
      ]
    },
    "timestamp": 1431657106
  }
}
