{
  "RSpec": {
    "coverage": {
      "/home/raulino/CarpetaDePruebas/GitPruebas/Entrega/entrega1_correccion/entrega1/spec/bcrypt_spec.rb": [
        1,
        null,
        1,
        null,
        7,
        null,
        1,
        null,
        1,
        null,
        1,
        1,
        1,
        1,
        null,
        1,
        1,
        1,
        1,
        null,
        1,
        1,
        1,
        1,
        null,
        null,
        1,
        null,
        1,
        1,
        1,
        1,
        null,
        1,
        1,
        1,
        1,
        null,
        null,
        null,
        null,
        1,
        null,
        1,
        null,
        1,
        1,
        1,
        1,
        null,
        1,
        1,
        1,
        1,
        null,
        1,
        1,
        1,
        1,
        null,
        null,
        1,
        1,
        1,
        1,
        1,
        null,
        1,
        1,
        1,
        1,
        null,
        null,
        null,
        1,
        null,
        1,
        null,
        null,
        1,
        1,
        1,
        null,
        null,
        1,
        1,
        1,
        null,
        null,
        1,
        1,
        1,
        null,
        null,
        1,
        null,
        1,
        1,
        1,
        null,
        1,
        1,
        1,
        null,
        null,
        null,
        null
      ],
      "/home/raulino/CarpetaDePruebas/GitPruebas/Entrega/entrega1_correccion/entrega1/Clases/bcrypt.rb": [
        1,
        null,
        1,
        null,
        1,
        null,
        25,
        25,
        null,
        null,
        1,
        null,
        null,
        11,
        11,
        null,
        null,
        1,
        null,
        15,
        null,
        null
      ],
      "/home/raulino/CarpetaDePruebas/GitPruebas/Entrega/entrega1_correccion/entrega1/spec/caesar_cipher_spec.rb": [
        1,
        null,
        1,
        null,
        7,
        null,
        1,
        null,
        1,
        null,
        1,
        1,
        null,
        1,
        1,
        null,
        1,
        1,
        null,
        null,
        1,
        null,
        1,
        1,
        null,
        1,
        1,
        null,
        null,
        null,
        null,
        1,
        null,
        1,
        null,
        1,
        1,
        1,
        null,
        1,
        1,
        1,
        null,
        1,
        1,
        1,
        null,
        null,
        1,
        null,
        1,
        1,
        1,
        null,
        1,
        1,
        1,
        null,
        null,
        null,
        1,
        null,
        1,
        null,
        1,
        1,
        1,
        null,
        null,
        1,
        1,
        1,
        null,
        null,
        1,
        1,
        1,
        null,
        null,
        1,
        null,
        1,
        1,
        1,
        null,
        1,
        1,
        1,
        null,
        null,
        null,
        null,
        null
      ],
      "/home/raulino/CarpetaDePruebas/GitPruebas/Entrega/entrega1_correccion/entrega1/Clases/caesar_cipher.rb": [
        1,
        null,
        1,
        null,
        null,
        null,
        null,
        1,
        16,
        null,
        1,
        null,
        38,
        38,
        null,
        null,
        1,
        null,
        13,
        13,
        null,
        null,
        1,
        null,
        11,
        null,
        null,
        null
      ],
      "/home/raulino/CarpetaDePruebas/GitPruebas/Entrega/entrega1_correccion/entrega1/spec/controlador_spec.rb": [
        1,
        1,
        null,
        1,
        null,
        1,
        null,
        8,
        null,
        null,
        1,
        1,
        1,
        1,
        null,
        null,
        null,
        1,
        null,
        1,
        null,
        1,
        null,
        null,
        1,
        1,
        1,
        null,
        null,
        1,
        null,
        1,
        null,
        null,
        null,
        1,
        null,
        1,
        null,
        1,
        null,
        null,
        1,
        1,
        null,
        null,
        null,
        null,
        null,
        1,
        null,
        1,
        null,
        1,
        1,
        1,
        1,
        1,
        1,
        1,
        null,
        1,
        null,
        1,
        1,
        1,
        1,
        1,
        1,
        1,
        1,
        1,
        null,
        null,
        1,
        1,
        1,
        1,
        null,
        null,
        null
      ],
      "/home/raulino/CarpetaDePruebas/GitPruebas/Entrega/entrega1_correccion/entrega1/Clases/controlador.rb": [
        1,
        null,
        1,
        null,
        null,
        1,
        null,
        1,
        null,
        8,
        null,
        8,
        null,
        null,
        1,
        null,
        11,
        null,
        null,
        1,
        null,
        12,
        null,
        null,
        1,
        4,
        null,
        1,
        3,
        null,
        1,
        2,
        null,
        null
      ],
      "/home/raulino/CarpetaDePruebas/GitPruebas/Entrega/entrega1_correccion/entrega1/Clases/lista_de_usuarios.rb": [
        1,
        1,
        1,
        1,
        null,
        1,
        null,
        null,
        1,
        null,
        1,
        16,
        16,
        null,
        null,
        null,
        1,
        null,
        18,
        18,
        null,
        18,
        18,
        18,
        null,
        0,
        null,
        null,
        null,
        null,
        1,
        null,
        17,
        null,
        22,
        null,
        15,
        null,
        15,
        null,
        null,
        null,
        2,
        null,
        null,
        null,
        null,
        1,
        null,
        20,
        null,
        5,
        1,
        null,
        null,
        19,
        null,
        null,
        null,
        1,
        null,
        21,
        21,
        3,
        null,
        18,
        null,
        null,
        null,
        1,
        null,
        4,
        4,
        0,
        null,
        4,
        null,
        null,
        null,
        1,
        null,
        3,
        3,
        0,
        null,
        3,
        null,
        null,
        null,
        null,
        1,
        null,
        25,
        25,
        2,
        2,
        null,
        23,
        23,
        null,
        null,
        null,
        1,
        25,
        13,
        null,
        25,
        null,
        null
      ],
      "/home/raulino/CarpetaDePruebas/GitPruebas/Entrega/entrega1_correccion/entrega1/Clases/usuario.rb": [
        1,
        null,
        1,
        null,
        null,
        1,
        null,
        31,
        31,
        null,
        null,
        1,
        null,
        28,
        null,
        null,
        null,
        1,
        null,
        31,
        null,
        null,
        1,
        null,
        22,
        22,
        null,
        null
      ],
      "/home/raulino/CarpetaDePruebas/GitPruebas/Entrega/entrega1_correccion/entrega1/Clases/texto_plano.rb": [
        1,
        null,
        1,
        null,
        1,
        null,
        57,
        null,
        null,
        1,
        null,
        13,
        null,
        null,
        1,
        null,
        15,
        null,
        null,
        null
      ],
      "/home/raulino/CarpetaDePruebas/GitPruebas/Entrega/entrega1_correccion/entrega1/spec/lista_de_usuario_spec.rb": [
        1,
        1,
        1,
        1,
        null,
        1,
        null,
        9,
        null,
        null,
        null,
        null,
        null,
        1,
        null,
        1,
        null,
        1,
        null,
        1,
        null,
        null,
        null,
        1,
        null,
        1,
        1,
        1,
        1,
        null,
        null,
        1,
        1,
        1,
        null,
        null,
        null,
        1,
        null,
        1,
        1,
        1,
        null,
        null,
        1,
        1,
        1,
        null,
        null,
        null,
        1,
        null,
        1,
        1,
        1,
        1,
        null,
        null,
        null,
        1,
        null,
        1,
        1,
        1,
        1,
        null,
        null,
        null,
        1,
        null,
        1,
        1,
        1,
        1,
        null,
        null,
        null
      ],
      "/home/raulino/CarpetaDePruebas/GitPruebas/Entrega/entrega1_correccion/entrega1/spec/texto_plano_spec.rb": [
        1,
        null,
        1,
        null,
        7,
        null,
        1,
        null,
        1,
        null,
        1,
        1,
        null,
        1,
        1,
        null,
        1,
        1,
        null,
        null,
        1,
        null,
        1,
        1,
        null,
        1,
        1,
        null,
        null,
        null,
        null,
        1,
        null,
        1,
        null,
        null,
        1,
        1,
        1,
        null,
        null,
        1,
        1,
        1,
        null,
        null,
        1,
        1,
        1,
        null,
        null,
        1,
        null,
        1,
        1,
        1,
        null,
        1,
        1,
        1,
        null,
        null,
        null,
        null,
        1,
        null,
        1,
        null,
        1,
        1,
        1,
        null,
        1,
        1,
        1,
        null,
        1,
        1,
        1,
        null,
        null,
        1,
        null,
        1,
        1,
        1,
        null,
        1,
        1,
        1,
        null,
        null,
        null,
        null
      ],
      "/home/raulino/CarpetaDePruebas/GitPruebas/Entrega/entrega1_correccion/entrega1/spec/usuario_spec.rb": [
        1,
        1,
        1,
        1,
        null,
        1,
        null,
        null,
        1,
        null,
        1,
        null,
        1,
        null,
        1,
        1,
        null,
        null,
        null,
        1,
        null,
        1,
        null,
        1,
        1,
        null,
        null,
        null,
        null,
        1,
        null,
        1,
        1,
        1,
        null,
        null,
        1,
        1,
        null,
        null,
        null,
        1,
        1,
        null,
        1,
        1,
        null,
        null,
        1,
        1,
        null,
        null,
        null,
        null,
        1,
        null,
        null,
        null,
        1,
        null,
        1,
        1,
        1,
        1,
        1,
        null,
        1,
        null,
        1,
        null,
        1,
        1,
        null,
        1,
        1,
        1,
        null,
        1,
        null,
        1,
        null,
        1,
        null,
        1,
        1,
        null,
        1,
        1,
        1,
        null,
        1,
        null,
        1,
        null,
        null,
        null,
        null,
        1,
        null,
        1,
        1,
        null,
        1,
        1,
        1,
        null,
        1,
        null,
        1,
        null,
        null,
        1,
        null,
        1,
        1,
        null,
        1,
        1,
        1,
        null,
        1,
        null,
        1,
        null,
        null,
        1,
        null,
        1,
        1,
        null,
        1,
        1,
        1,
        null,
        1,
        null,
        1,
        null,
        null,
        null,
        null,
        1,
        null,
        1,
        1,
        null,
        1,
        1,
        1,
        null,
        1,
        null,
        1,
        null,
        null,
        1,
        null,
        1,
        1,
        null,
        1,
        1,
        1,
        null,
        1,
        null,
        1,
        null,
        null,
        1,
        null,
        1,
        1,
        null,
        1,
        1,
        1,
        null,
        1,
        null,
        1,
        null,
        null,
        null
      ]
    },
    "timestamp": 1431270104
  }
}
